0 info it worked if it ends with ok
1 verbose cli [ '/usr/local/bin/node',
1 verbose cli   '/usr/local/bin/npm',
1 verbose cli   'install',
1 verbose cli   '-g',
1 verbose cli   'less-plugin-clean-css' ]
2 info using npm@2.15.1
3 info using node@v4.4.4
4 verbose install initial load of /usr/local/lib/package.json
5 verbose readDependencies loading dependencies from /usr/local/lib/package.json
6 silly cache add args [ 'less-plugin-clean-css', null ]
7 verbose cache add spec less-plugin-clean-css
8 silly cache add parsed spec Result {
8 silly cache add   raw: 'less-plugin-clean-css',
8 silly cache add   scope: null,
8 silly cache add   name: 'less-plugin-clean-css',
8 silly cache add   rawSpec: '',
8 silly cache add   spec: 'latest',
8 silly cache add   type: 'tag' }
9 silly addNamed less-plugin-clean-css@latest
10 verbose addNamed "latest" is being treated as a dist-tag for less-plugin-clean-css
11 info addNameTag [ 'less-plugin-clean-css', 'latest' ]
12 silly mapToRegistry name less-plugin-clean-css
13 silly mapToRegistry using default registry
14 silly mapToRegistry registry https://registry.npmjs.org/
15 silly mapToRegistry data Result {
15 silly mapToRegistry   raw: 'less-plugin-clean-css',
15 silly mapToRegistry   scope: null,
15 silly mapToRegistry   name: 'less-plugin-clean-css',
15 silly mapToRegistry   rawSpec: '',
15 silly mapToRegistry   spec: 'latest',
15 silly mapToRegistry   type: 'tag' }
16 silly mapToRegistry uri https://registry.npmjs.org/less-plugin-clean-css
17 verbose addNameTag registry:https://registry.npmjs.org/less-plugin-clean-css not in flight; fetching
18 verbose request uri https://registry.npmjs.org/less-plugin-clean-css
19 verbose request no auth needed
20 info attempt registry request try #1 at 8:15:25 PM
21 verbose request id 9e2e311962feb59a
22 http request GET https://registry.npmjs.org/less-plugin-clean-css
23 http 200 https://registry.npmjs.org/less-plugin-clean-css
24 verbose headers { server: 'CouchDB/1.5.0 (Erlang OTP/R16B03)',
24 verbose headers   etag: '"9LVBRHO9S94KYQQMNMOFC9Y5P"',
24 verbose headers   'content-type': 'application/json',
24 verbose headers   'content-encoding': 'gzip',
24 verbose headers   'cache-control': 'max-age=300',
24 verbose headers   'content-length': '2186',
24 verbose headers   'accept-ranges': 'bytes',
24 verbose headers   date: 'Wed, 18 May 2016 23:15:26 GMT',
24 verbose headers   via: '1.1 varnish',
24 verbose headers   age: '0',
24 verbose headers   connection: 'keep-alive',
24 verbose headers   'x-served-by': 'cache-iad2144-IAD',
24 verbose headers   'x-cache': 'HIT',
24 verbose headers   'x-cache-hits': '1',
24 verbose headers   'x-timer': 'S1463613326.684759,VS0,VE80',
24 verbose headers   vary: 'Accept-Encoding' }
25 silly get cb [ 200,
25 silly get   { server: 'CouchDB/1.5.0 (Erlang OTP/R16B03)',
25 silly get     etag: '"9LVBRHO9S94KYQQMNMOFC9Y5P"',
25 silly get     'content-type': 'application/json',
25 silly get     'content-encoding': 'gzip',
25 silly get     'cache-control': 'max-age=300',
25 silly get     'content-length': '2186',
25 silly get     'accept-ranges': 'bytes',
25 silly get     date: 'Wed, 18 May 2016 23:15:26 GMT',
25 silly get     via: '1.1 varnish',
25 silly get     age: '0',
25 silly get     connection: 'keep-alive',
25 silly get     'x-served-by': 'cache-iad2144-IAD',
25 silly get     'x-cache': 'HIT',
25 silly get     'x-cache-hits': '1',
25 silly get     'x-timer': 'S1463613326.684759,VS0,VE80',
25 silly get     vary: 'Accept-Encoding' } ]
26 verbose get saving less-plugin-clean-css to /Users/santiago/.npm/registry.npmjs.org/less-plugin-clean-css/.cache.json
27 verbose correctMkdir /Users/santiago/.npm correctMkdir not in flight; initializing
28 silly addNameTag next cb for less-plugin-clean-css with tag latest
29 silly addNamed less-plugin-clean-css@1.5.1
30 verbose addNamed "1.5.1" is a plain semver version for less-plugin-clean-css
31 silly mapToRegistry name less-plugin-clean-css
32 silly mapToRegistry using default registry
33 silly mapToRegistry registry https://registry.npmjs.org/
34 silly mapToRegistry data Result {
34 silly mapToRegistry   raw: 'less-plugin-clean-css',
34 silly mapToRegistry   scope: null,
34 silly mapToRegistry   name: 'less-plugin-clean-css',
34 silly mapToRegistry   rawSpec: '',
34 silly mapToRegistry   spec: 'latest',
34 silly mapToRegistry   type: 'tag' }
35 silly mapToRegistry uri https://registry.npmjs.org/less-plugin-clean-css
36 verbose addRemoteTarball https://registry.npmjs.org/less-plugin-clean-css/-/less-plugin-clean-css-1.5.1.tgz not in flight; adding
37 verbose addRemoteTarball [ 'https://registry.npmjs.org/less-plugin-clean-css/-/less-plugin-clean-css-1.5.1.tgz',
37 verbose addRemoteTarball   'cc57af7aa3398957e56decebe63cb60c23429703' ]
38 info retry fetch attempt 1 at 8:15:26 PM
39 info attempt registry request try #1 at 8:15:26 PM
40 http fetch GET https://registry.npmjs.org/less-plugin-clean-css/-/less-plugin-clean-css-1.5.1.tgz
41 http fetch 200 https://registry.npmjs.org/less-plugin-clean-css/-/less-plugin-clean-css-1.5.1.tgz
42 silly fetchAndShaCheck shasum cc57af7aa3398957e56decebe63cb60c23429703
43 verbose addTmpTarball /var/folders/j3/1dj86kbd2z1ctj8lv9v8wnd80000gp/T/npm-3625-7e16978e/registry.npmjs.org/less-plugin-clean-css/-/less-plugin-clean-css-1.5.1.tgz not in flight; adding
44 verbose addTmpTarball already have metadata; skipping unpack for less-plugin-clean-css@1.5.1
45 verbose correctMkdir /Users/santiago/.npm correctMkdir not in flight; initializing
46 silly cache afterAdd less-plugin-clean-css@1.5.1
47 verbose afterAdd /Users/santiago/.npm/less-plugin-clean-css/1.5.1/package/package.json not in flight; writing
48 verbose correctMkdir /Users/santiago/.npm correctMkdir not in flight; initializing
49 verbose afterAdd /Users/santiago/.npm/less-plugin-clean-css/1.5.1/package/package.json written
50 silly install resolved [ { name: 'less-plugin-clean-css',
50 silly install resolved     version: '1.5.1',
50 silly install resolved     description: 'clean-css plugin for less.js',
50 silly install resolved     homepage: 'http://lesscss.org',
50 silly install resolved     author: { name: 'Luke Page' },
50 silly install resolved     contributors: [ [Object] ],
50 silly install resolved     bugs: { url: 'https://github.com/less/less-plugin-clean-css/issues' },
50 silly install resolved     repository:
50 silly install resolved      { type: 'git',
50 silly install resolved        url: 'git+https://github.com/less/less-plugin-clean-css.git' },
50 silly install resolved     licenses: [ [Object] ],
50 silly install resolved     main: 'lib/index.js',
50 silly install resolved     engines: { node: '>=0.4.2' },
50 silly install resolved     dependencies: { 'clean-css': '^3.0.1' },
50 silly install resolved     devDependencies: {},
50 silly install resolved     keywords: [ 'less plugins', 'cleancss', 'less compression' ],
50 silly install resolved     gitHead: '42b4871c3e4d22fc061319f346cc21155a2bbf90',
50 silly install resolved     _id: 'less-plugin-clean-css@1.5.1',
50 silly install resolved     scripts: {},
50 silly install resolved     _shasum: 'cc57af7aa3398957e56decebe63cb60c23429703',
50 silly install resolved     _from: 'less-plugin-clean-css@latest',
50 silly install resolved     _npmVersion: '3.1.3',
50 silly install resolved     _nodeVersion: '0.12.2',
50 silly install resolved     _npmUser: { name: 'agatronic', email: 'luke.a.page@gmail.com' },
50 silly install resolved     dist:
50 silly install resolved      { shasum: 'cc57af7aa3398957e56decebe63cb60c23429703',
50 silly install resolved        tarball: 'https://registry.npmjs.org/less-plugin-clean-css/-/less-plugin-clean-css-1.5.1.tgz' },
50 silly install resolved     maintainers: [ [Object] ],
50 silly install resolved     directories: {},
50 silly install resolved     _resolved: 'https://registry.npmjs.org/less-plugin-clean-css/-/less-plugin-clean-css-1.5.1.tgz' } ]
51 info install less-plugin-clean-css@1.5.1 into /usr/local/lib
52 info installOne less-plugin-clean-css@1.5.1
53 verbose installOne of less-plugin-clean-css to /usr/local/lib not in flight; installing
54 verbose correctMkdir /Users/santiago/.npm/_locks correctMkdir not in flight; initializing
55 verbose lock using /Users/santiago/.npm/_locks/less-plugin-clean-css-bc2f5bec3205f3b1.lock for /usr/local/lib/node_modules/less-plugin-clean-css
56 silly install write writing less-plugin-clean-css 1.5.1 to /usr/local/lib/node_modules/less-plugin-clean-css
57 verbose unbuild lib/node_modules/less-plugin-clean-css
58 silly gentlyRm /usr/local/lib/node_modules/less-plugin-clean-css is being purged from base /usr/local
59 verbose gentlyRm don't care about contents; nuking /usr/local/lib/node_modules/less-plugin-clean-css
60 verbose tar unpack /Users/santiago/.npm/less-plugin-clean-css/1.5.1/package.tgz
61 verbose tar unpacking to /usr/local/lib/node_modules/less-plugin-clean-css
62 silly gentlyRm /usr/local/lib/node_modules/less-plugin-clean-css is being purged
63 verbose gentlyRm don't care about contents; nuking /usr/local/lib/node_modules/less-plugin-clean-css
64 silly gunzTarPerm modes [ '755', '644' ]
65 error tar.unpack untar error /Users/santiago/.npm/less-plugin-clean-css/1.5.1/package.tgz
66 verbose unlock done using /Users/santiago/.npm/_locks/less-plugin-clean-css-bc2f5bec3205f3b1.lock for /usr/local/lib/node_modules/less-plugin-clean-css
67 verbose fstream_path /usr/local/lib/node_modules/less-plugin-clean-css
68 verbose fstream_type Directory
69 verbose fstream_class DirWriter
70 verbose stack Error: EACCES: permission denied, mkdir '/usr/local/lib/node_modules/less-plugin-clean-css'
70 verbose stack     at Error (native)
71 verbose fstream_stack /usr/local/lib/node_modules/npm/node_modules/fstream/lib/dir-writer.js:35:25
71 verbose fstream_stack /usr/local/lib/node_modules/npm/node_modules/mkdirp/index.js:47:53
71 verbose fstream_stack FSReqWrap.oncomplete (fs.js:82:15)
72 verbose cwd /Users/santiago/Documents/git-repos/german-frontend/clase-4/less
73 error Darwin 15.4.0
74 error argv "/usr/local/bin/node" "/usr/local/bin/npm" "install" "-g" "less-plugin-clean-css"
75 error node v4.4.4
76 error npm  v2.15.1
77 error path /usr/local/lib/node_modules/less-plugin-clean-css
78 error code EACCES
79 error errno -13
80 error syscall mkdir
81 error Error: EACCES: permission denied, mkdir '/usr/local/lib/node_modules/less-plugin-clean-css'
81 error     at Error (native)
81 error  { [Error: EACCES: permission denied, mkdir '/usr/local/lib/node_modules/less-plugin-clean-css']
81 error   errno: -13,
81 error   code: 'EACCES',
81 error   syscall: 'mkdir',
81 error   path: '/usr/local/lib/node_modules/less-plugin-clean-css',
81 error   fstream_type: 'Directory',
81 error   fstream_path: '/usr/local/lib/node_modules/less-plugin-clean-css',
81 error   fstream_class: 'DirWriter',
81 error   fstream_stack:
81 error    [ '/usr/local/lib/node_modules/npm/node_modules/fstream/lib/dir-writer.js:35:25',
81 error      '/usr/local/lib/node_modules/npm/node_modules/mkdirp/index.js:47:53',
81 error      'FSReqWrap.oncomplete (fs.js:82:15)' ] }
82 error Please try running this command again as root/Administrator.
83 verbose exit [ -13, true ]
84 verbose unbuild lib/node_modules/less-plugin-clean-css
85 silly gentlyRm /usr/local/lib/node_modules/less-plugin-clean-css is being purged from base /usr/local
86 verbose gentlyRm don't care about contents; nuking /usr/local/lib/node_modules/less-plugin-clean-css
